生成启动时间为 2015/11/11 15:41:13。
     1>项目“E:\20131105783于丹丹\数人\数人\数人.vcxproj”在节点 2 上(build 个目标)。
     1>InitializeBuildStatus:
         正在创建“Debug\数人.unsuccessfulbuild”，因为已指定“AlwaysCreate”。
       ClCompile:
         所有输出均为最新。
         E:\Baofeng\VC\bin\CL.exe /c /ZI /nologo /W3 /WX- /Od /Oy- /D WIN32 /D _DEBUG /D _CONSOLE /D _UNICODE /D UNICODE /Gm /EHsc /RTC1 /MDd /GS /fp:precise /Zc:wchar_t /Zc:forScope /Yu"StdAfx.h" /Fp"Debug\数人.pch" /Fo"Debug\\" /Fd"Debug\vc100.pdb" /Gd /TP /analyze- /errorReport:prompt ll.cpp
         ll.cpp
     1>e:\20131105783于丹丹\数人\数人\ll.cpp(1): warning C4627: “#include <opencv/cv.h>”: 在查找预编译头使用时跳过
                 将指令添加到“StdAfx.h”或重新生成预编译头
     1>e:\20131105783于丹丹\数人\数人\ll.cpp(2): warning C4627: “#include <opencv2/opencv.hpp>”: 在查找预编译头使用时跳过
                 将指令添加到“StdAfx.h”或重新生成预编译头
       ManifestResourceCompile:
         所有输出均为最新。
       Link:
         E:\Baofeng\VC\bin\link.exe /ERRORREPORT:PROMPT /OUT:"E:\20131105783于丹丹\数人\Debug\数人.exe" /INCREMENTAL /NOLOGO opencv_ml2410d.lib opencv_calib3d2410.lib opencv_contrib2410d.lib opencv_core2410d.lib opencv_features2d2410d.lib opencv_flann2410d.lib opencv_gpu2410d.lib opencv_highgui2410d.lib opencv_imgproc2410d.lib opencv_legacy2410d.lib opencv_objdetect2410d.lib opencv_ts2410d.lib opencv_video2410d.lib opencv_nonfree2410d.lib opencv_ocl2410d.lib opencv_photo2410d.lib opencv_stitching2410d.lib opencv_superres2410d.lib opencv_videostab2410d.lib opencv_objdetect2410.lib opencv_ts2410.lib opencv_video2410.lib opencv_nonfree2410.lib opencv_ocl2410.lib opencv_photo2410.lib opencv_stitching2410.lib opencv_superres2410.lib opencv_videostab2410.lib opencv_ml2410.lib opencv_contrib2410.lib opencv_core2410.lib opencv_features2d2410.lib opencv_flann2410.lib opencv_gpu2410.lib opencv_highgui2410.lib opencv_imgproc2410.lib opencv_legacy2410.lib kernel32.lib user32.lib gdi32.lib winspool.lib comdlg32.lib advapi32.lib shell32.lib ole32.lib oleaut32.lib uuid.lib odbc32.lib odbccp32.lib /MANIFEST /ManifestFile:"Debug\数人.exe.intermediate.manifest" /MANIFESTUAC:"level='asInvoker' uiAccess='false'" /DEBUG /PDB:"E:\20131105783于丹丹\数人\Debug\数人.pdb" /SUBSYSTEM:CONSOLE /TLBID:1 /DYNAMICBASE /NXCOMPAT /IMPLIB:"E:\20131105783于丹丹\数人\Debug\数人.lib" /MACHINE:X86 "Debug\数人.exe.embed.manifest.res"
         Debug\ll.obj
         Debug\stdafx.obj
         "Debug\数人.obj"
       Manifest:
         C:\Program Files (x86)\Microsoft SDKs\Windows\v7.0A\bin\mt.exe /nologo /verbose /out:"Debug\数人.exe.embed.manifest" /manifest "Debug\数人.exe.intermediate.manifest"
         所有输出均为最新。
       LinkEmbedManifest:
         所有输出均为最新。
         数人.vcxproj -> E:\20131105783于丹丹\数人\Debug\数人.exe
       FinalizeBuildStatus:
         正在删除文件“Debug\数人.unsuccessfulbuild”。
         正在对“Debug\数人.lastbuildstate”执行 Touch 任务。
     1>已完成生成项目“E:\20131105783于丹丹\数人\数人\数人.vcxproj”(build 个目标)的操作。

生成成功。

已用时间 00:00:01.79
